<?xml version="1.0" encoding="UTF-8"?>
<testsuite name="br.com.softplan.sienge.service.ServiceCostTest" tests="1" skipped="0" failures="1" errors="0" timestamp="2018-10-25T15:03:42" hostname="hoiama-PC" time="0.001">
  <properties/>
  <testcase name="initializationError" classname="br.com.softplan.sienge.service.ServiceCostTest" time="0.001">
    <failure message="java.lang.IllegalStateException: Unable to find a @SpringBootConfiguration, you need to use @ContextConfiguration or @SpringBootTest(classes=...) with your test" type="java.lang.IllegalStateException">java.lang.IllegalStateException: Unable to find a @SpringBootConfiguration, you need to use @ContextConfiguration or @SpringBootTest(classes=...) with your test
	at org.springframework.util.Assert.state(Assert.java:73)
	at org.springframework.boot.test.context.SpringBootTestContextBootstrapper.getOrFindConfigurationClasses(SpringBootTestContextBootstrapper.java:240)
	at org.springframework.boot.test.context.SpringBootTestContextBootstrapper.processMergedContextConfiguration(SpringBootTestContextBootstrapper.java:153)
	at org.springframework.test.context.support.AbstractTestContextBootstrapper.buildMergedContextConfiguration(AbstractTestContextBootstrapper.java:396)
	at org.springframework.test.context.support.AbstractTestContextBootstrapper.buildDefaultMergedContextConfiguration(AbstractTestContextBootstrapper.java:312)
	at org.springframework.test.context.support.AbstractTestContextBootstrapper.buildMergedContextConfiguration(AbstractTestContextBootstrapper.java:265)
	at org.springframework.test.context.support.AbstractTestContextBootstrapper.buildTestContext(AbstractTestContextBootstrapper.java:108)
	at org.springframework.boot.test.context.SpringBootTestContextBootstrapper.buildTestContext(SpringBootTestContextBootstrapper.java:97)
	at org.springframework.test.context.TestContextManager.&lt;init&gt;(TestContextManager.java:135)
	at org.springframework.test.context.TestContextManager.&lt;init&gt;(TestContextManager.java:120)
	at org.springframework.test.context.junit4.SpringJUnit4ClassRunner.createTestContextManager(SpringJUnit4ClassRunner.java:151)
	at org.springframework.test.context.junit4.SpringJUnit4ClassRunner.&lt;init&gt;(SpringJUnit4ClassRunner.java:142)
	at org.springframework.test.context.junit4.SpringRunner.&lt;init&gt;(SpringRunner.java:49)
	at sun.reflect.NativeConstructorAccessorImpl.newInstance0(Native Method)
	at sun.reflect.NativeConstructorAccessorImpl.newInstance(NativeConstructorAccessorImpl.java:62)
	at sun.reflect.DelegatingConstructorAccessorImpl.newInstance(DelegatingConstructorAccessorImpl.java:45)
	at java.lang.reflect.Constructor.newInstance(Constructor.java:423)
	at org.junit.internal.builders.AnnotatedBuilder.buildRunner(AnnotatedBuilder.java:104)
	at org.junit.internal.builders.AnnotatedBuilder.runnerForClass(AnnotatedBuilder.java:86)
	at org.junit.runners.model.RunnerBuilder.safeRunnerForClass(RunnerBuilder.java:59)
	at org.junit.internal.builders.AllDefaultPossibilitiesBuilder.runnerForClass(AllDefaultPossibilitiesBuilder.java:26)
	at org.junit.runners.model.RunnerBuilder.safeRunnerForClass(RunnerBuilder.java:59)
	at org.junit.internal.requests.ClassRequest.getRunner(ClassRequest.java:33)
	at org.gradle.api.internal.tasks.testing.junit.JUnitTestClassExecutor.runTestClass(JUnitTestClassExecutor.java:78)
	at org.gradle.api.internal.tasks.testing.junit.JUnitTestClassExecutor.execute(JUnitTestClassExecutor.java:58)
	at org.gradle.api.internal.tasks.testing.junit.JUnitTestClassExecutor.execute(JUnitTestClassExecutor.java:38)
	at org.gradle.api.internal.tasks.testing.junit.AbstractJUnitTestClassProcessor.processTestClass(AbstractJUnitTestClassProcessor.java:66)
	at org.gradle.api.internal.tasks.testing.SuiteTestClassProcessor.processTestClass(SuiteTestClassProcessor.java:51)
	at sun.reflect.NativeMethodAccessorImpl.invoke0(Native Method)
	at sun.reflect.NativeMethodAccessorImpl.invoke(NativeMethodAccessorImpl.java:62)
	at sun.reflect.DelegatingMethodAccessorImpl.invoke(DelegatingMethodAccessorImpl.java:43)
	at java.lang.reflect.Method.invoke(Method.java:498)
	at org.gradle.internal.dispatch.ReflectionDispatch.dispatch(ReflectionDispatch.java:35)
	at org.gradle.internal.dispatch.ReflectionDispatch.dispatch(ReflectionDispatch.java:24)
	at org.gradle.internal.dispatch.ContextClassLoaderDispatch.dispatch(ContextClassLoaderDispatch.java:32)
	at org.gradle.internal.dispatch.ProxyDispatchAdapter$DispatchingInvocationHandler.invoke(ProxyDispatchAdapter.java:93)
	at com.sun.proxy.$Proxy2.processTestClass(Unknown Source)
	at org.gradle.api.internal.tasks.testing.worker.TestWorker.processTestClass(TestWorker.java:117)
	at sun.reflect.NativeMethodAccessorImpl.invoke0(Native Method)
	at sun.reflect.NativeMethodAccessorImpl.invoke(NativeMethodAccessorImpl.java:62)
	at sun.reflect.DelegatingMethodAccessorImpl.invoke(DelegatingMethodAccessorImpl.java:43)
	at java.lang.reflect.Method.invoke(Method.java:498)
	at org.gradle.internal.dispatch.ReflectionDispatch.dispatch(ReflectionDispatch.java:35)
	at org.gradle.internal.dispatch.ReflectionDispatch.dispatch(ReflectionDispatch.java:24)
	at org.gradle.internal.remote.internal.hub.MessageHubBackedObjectConnection$DispatchWrapper.dispatch(MessageHubBackedObjectConnection.java:155)
	at org.gradle.internal.remote.internal.hub.MessageHubBackedObjectConnection$DispatchWrapper.dispatch(MessageHubBackedObjectConnection.java:137)
	at org.gradle.internal.remote.internal.hub.MessageHub$Handler.run(MessageHub.java:404)
	at org.gradle.internal.concurrent.ExecutorPolicy$CatchAndRecordFailures.onExecute(ExecutorPolicy.java:63)
	at org.gradle.internal.concurrent.ManagedExecutorImpl$1.run(ManagedExecutorImpl.java:46)
	at java.util.concurrent.ThreadPoolExecutor.runWorker(ThreadPoolExecutor.java:1149)
	at java.util.concurrent.ThreadPoolExecutor$Worker.run(ThreadPoolExecutor.java:624)
	at org.gradle.internal.concurrent.ThreadFactoryImpl$ManagedThreadRunnable.run(ThreadFactoryImpl.java:55)
	at java.lang.Thread.run(Thread.java:748)
</failure>
  </testcase>
  <system-out><![CDATA[12:03:41.916 [Test worker] DEBUG org.springframework.test.context.junit4.SpringJUnit4ClassRunner - SpringJUnit4ClassRunner constructor called with [class br.com.softplan.sienge.service.ServiceCostTest]
12:03:41.923 [Test worker] DEBUG org.springframework.test.context.BootstrapUtils - Instantiating CacheAwareContextLoaderDelegate from class [org.springframework.test.context.cache.DefaultCacheAwareContextLoaderDelegate]
12:03:41.934 [Test worker] DEBUG org.springframework.test.context.BootstrapUtils - Instantiating BootstrapContext using constructor [public org.springframework.test.context.support.DefaultBootstrapContext(java.lang.Class,org.springframework.test.context.CacheAwareContextLoaderDelegate)]
12:03:41.946 [Test worker] DEBUG org.springframework.test.context.BootstrapUtils - Instantiating TestContextBootstrapper for test class [br.com.softplan.sienge.service.ServiceCostTest] from class [org.springframework.boot.test.context.SpringBootTestContextBootstrapper]
12:03:41.953 [Test worker] INFO org.springframework.boot.test.context.SpringBootTestContextBootstrapper - Neither @ContextConfiguration nor @ContextHierarchy found for test class [br.com.softplan.sienge.service.ServiceCostTest], using SpringBootContextLoader
12:03:41.956 [Test worker] DEBUG org.springframework.test.context.support.AbstractContextLoader - Did not detect default resource location for test class [br.com.softplan.sienge.service.ServiceCostTest]: class path resource [br/com/softplan/sienge/service/ServiceCostTest-context.xml] does not exist
12:03:41.957 [Test worker] DEBUG org.springframework.test.context.support.AbstractContextLoader - Did not detect default resource location for test class [br.com.softplan.sienge.service.ServiceCostTest]: class path resource [br/com/softplan/sienge/service/ServiceCostTestContext.groovy] does not exist
12:03:41.957 [Test worker] INFO org.springframework.test.context.support.AbstractContextLoader - Could not detect default resource locations for test class [br.com.softplan.sienge.service.ServiceCostTest]: no resource found for suffixes {-context.xml, Context.groovy}.
12:03:41.958 [Test worker] INFO org.springframework.test.context.support.AnnotationConfigContextLoaderUtils - Could not detect default configuration classes for test class [br.com.softplan.sienge.service.ServiceCostTest]: ServiceCostTest does not declare any static, non-private, non-final, nested classes annotated with @Configuration.
12:03:41.984 [Test worker] DEBUG org.springframework.test.context.support.ActiveProfilesUtils - Could not find an 'annotation declaring class' for annotation type [org.springframework.test.context.ActiveProfiles] and class [br.com.softplan.sienge.service.ServiceCostTest]
12:03:41.989 [Test worker] DEBUG org.springframework.core.env.StandardEnvironment - Adding PropertySource 'systemProperties' with lowest search precedence
12:03:41.989 [Test worker] DEBUG org.springframework.core.env.StandardEnvironment - Adding PropertySource 'systemEnvironment' with lowest search precedence
12:03:41.990 [Test worker] DEBUG org.springframework.core.env.StandardEnvironment - Initialized StandardEnvironment with PropertySources [MapPropertySource@1270769117 {name='systemProperties', properties={java.runtime.name=OpenJDK Runtime Environment, awt.useSystemAAFontSettings=gasp, sun.boot.library.path=/home/hoiama/.sdkman/candidates/java/8.0.172-zulu/jre/lib/amd64, java.vm.version=25.172-b01, java.vm.vendor=Azul Systems, Inc., java.vendor.url=http://www.azulsystems.com/, path.separator=:, java.vm.name=OpenJDK 64-Bit Server VM, file.encoding.pkg=sun.io, sun.java.launcher=SUN_STANDARD, user.country=US, sun.os.patch.level=unknown, java.vm.specification.name=Java Virtual Machine Specification, user.dir=/home/hoiama/Downloads/2_Repositorios/Rep_Emp_SOFTPLAN/Sienge, java.runtime.version=1.8.0_172-b01, java.awt.graphicsenv=sun.awt.X11GraphicsEnvironment, java.endorsed.dirs=/home/hoiama/.sdkman/candidates/java/8.0.172-zulu/jre/lib/endorsed, os.arch=amd64, java.io.tmpdir=/tmp, line.separator=
, java.vm.specification.vendor=Oracle Corporation, user.variant=, os.name=Linux, sun.jnu.encoding=UTF-8, java.library.path=/usr/java/packages/lib/amd64:/usr/lib64:/lib64:/lib:/usr/lib, java.specification.name=Java Platform API Specification, java.class.version=52.0, org.gradle.native=false, sun.management.compiler=HotSpot 64-Bit Tiered Compilers, os.version=4.15.0-29deepin-generic, user.home=/home/hoiama, user.timezone=America/Sao_Paulo, java.awt.printerjob=sun.print.PSPrinterJob, file.encoding=UTF-8, java.specification.version=1.8, java.class.path=/home/hoiama/Downloads/2_Repositorios/Rep_Emp_SOFTPLAN/Sienge/build/classes/java/test:/home/hoiama/Downloads/2_Repositorios/Rep_Emp_SOFTPLAN/Sienge/build/resources/test:/home/hoiama/Downloads/2_Repositorios/Rep_Emp_SOFTPLAN/Sienge/build/classes/java/main:/home/hoiama/Downloads/2_Repositorios/Rep_Emp_SOFTPLAN/Sienge/build/resources/main:/home/hoiama/.gradle/caches/modules-2/files-2.1/org.springframework.boot/spring-boot-starter-data-jpa/2.0.0.RELEASE/cc7bc2df046149870255d22367f8f7276eb82e98/spring-boot-starter-data-jpa-2.0.0.RELEASE.jar:/home/hoiama/.gradle/caches/modules-2/files-2.1/org.springframework.boot/spring-boot-starter-validation/2.0.0.RELEASE/374cd2dd14d91bb8025c4208998177ad2d733f90/spring-boot-starter-validation-2.0.0.RELEASE.jar:/home/hoiama/.gradle/caches/modules-2/files-2.1/org.springframework.boot/spring-boot-starter-web/2.0.0.RELEASE/fcb2a9e18f98382e626935841f85ed44d7153615/spring-boot-starter-web-2.0.0.RELEASE.jar:/home/hoiama/.gradle/caches/modules-2/files-2.1/org.springframework.boot/spring-boot-devtools/2.0.0.RELEASE/db0a05542d0d59b55cdee8767cb2ec41cf49e4a6/spring-boot-devtools-2.0.0.RELEASE.jar:/home/hoiama/.gradle/caches/modules-2/files-2.1/com.h2database/h2/1.4.196/dd0034398d593aa3588c6773faac429bbd9aea0e/h2-1.4.196.jar:/home/hoiama/.gradle/caches/modules-2/files-2.1/org.springframework.boot/spring-boot-starter-test/2.0.0.RELEASE/4ff0e1d9bd315a4a5867e9c6128691cac8b37348/spring-boot-starter-test-2.0.0.RELEASE.jar:/home/hoiama/.gradle/caches/modules-2/files-2.1/org.springframework.boot/spring-boot-starter-aop/2.0.0.RELEASE/9afd572ca8de272e6d919d914db5c73cd7d06ea2/spring-boot-starter-aop-2.0.0.RELEASE.jar:/home/hoiama/.gradle/caches/modules-2/files-2.1/org.springframework.boot/spring-boot-starter-jdbc/2.0.0.RELEASE/bfe586f729ed86a421a79ac1b18d4e05acd25d68/spring-boot-starter-jdbc-2.0.0.RELEASE.jar:/home/hoiama/.gradle/caches/modules-2/files-2.1/org.springframework.boot/spring-boot-starter-json/2.0.0.RELEASE/5a09c939d8bd60d7f163c1c0c20a3127ba9fffa/spring-boot-starter-json-2.0.0.RELEASE.jar:/home/hoiama/.gradle/caches/modules-2/files-2.1/org.springframework.boot/spring-boot-starter/2.0.0.RELEASE/6d7d8e4bf053cd1833f3c7dbce676bc274f0892f/spring-boot-starter-2.0.0.RELEASE.jar:/home/hoiama/.gradle/caches/modules-2/files-2.1/org.hibernate/hibernate-core/5.2.14.Final/2132ad4a9fa5088156469ec85306afe574bb8c24/hibernate-core-5.2.14.Final.jar:/home/hoiama/.gradle/caches/modules-2/files-2.1/javax.transaction/javax.transaction-api/1.2/d81aff979d603edd90dcd8db2abc1f4ce6479e3e/javax.transaction-api-1.2.jar:/home/hoiama/.gradle/caches/modules-2/files-2.1/org.springframework.data/spring-data-jpa/2.0.5.RELEASE/51b2e315174e32b4c8a4841a147002555add076c/spring-data-jpa-2.0.5.RELEASE.jar:/home/hoiama/.gradle/caches/modules-2/files-2.1/org.springframework/spring-aspects/5.0.4.RELEASE/454ee13fc4f439065572dd526e81c699d1d61e3e/spring-aspects-5.0.4.RELEASE.jar:/home/hoiama/.gradle/caches/modules-2/files-2.1/org.springframework.boot/spring-boot-starter-tomcat/2.0.0.RELEASE/908bc9de1a7cfa857edf44182d426f6e0d8a3008/spring-boot-starter-tomcat-2.0.0.RELEASE.jar:/home/hoiama/.gradle/caches/modules-2/files-2.1/org.apache.tomcat.embed/tomcat-embed-el/8.5.28/75745598f60646ccf0c4b105468a9c8be9b8432e/tomcat-embed-el-8.5.28.jar:/home/hoiama/.gradle/caches/modules-2/files-2.1/org.hibernate.validator/hibernate-validator/6.0.7.Final/8b9d9c7ec8c73963ea0fe81912fc67711a4ef76/hibernate-validator-6.0.7.Final.jar:/home/hoiama/.gradle/caches/modules-2/files-2.1/org.springframework/spring-webmvc/5.0.4.RELEASE/addcf1caa22613c474bd6dde8c7134fef940b1f0/spring-webmvc-5.0.4.RELEASE.jar:/home/hoiama/.gradle/caches/modules-2/files-2.1/org.springframework/spring-web/5.0.4.RELEASE/9565bbc67bf1a850a6505deaa5103931712a7b80/spring-web-5.0.4.RELEASE.jar:/home/hoiama/.gradle/caches/modules-2/files-2.1/org.springframework.boot/spring-boot-test-autoconfigure/2.0.0.RELEASE/db0595321e96929d9473cf061f3408972d03c6aa/spring-boot-test-autoconfigure-2.0.0.RELEASE.jar:/home/hoiama/.gradle/caches/modules-2/files-2.1/org.springframework.boot/spring-boot-autoconfigure/2.0.0.RELEASE/c89896a469ecf92996ecba40755919896ace5470/spring-boot-autoconfigure-2.0.0.RELEASE.jar:/home/hoiama/.gradle/caches/modules-2/files-2.1/org.springframework.boot/spring-boot-test/2.0.0.RELEASE/1565e78c2801bd3c7ece0a8ddc08e5ed53676878/spring-boot-test-2.0.0.RELEASE.jar:/home/hoiama/.gradle/caches/modules-2/files-2.1/org.springframework.boot/spring-boot/2.0.0.RELEASE/771da2071ff14a47f108642a641c204ae4ef7b15/spring-boot-2.0.0.RELEASE.jar:/home/hoiama/.gradle/caches/modules-2/files-2.1/com.jayway.jsonpath/json-path/2.4.0/765a4401ceb2dc8d40553c2075eb80a8fa35c2ae/json-path-2.4.0.jar:/home/hoiama/.gradle/caches/modules-2/files-2.1/junit/junit/4.12/2973d150c0dc1fefe998f834810d68f278ea58ec/junit-4.12.jar:/home/hoiama/.gradle/caches/modules-2/files-2.1/org.assertj/assertj-core/3.9.1/c5ce126b15f28d56cd8f960c1a6a058b9c9aea87/assertj-core-3.9.1.jar:/home/hoiama/.gradle/caches/modules-2/files-2.1/org.mockito/mockito-core/2.15.0/b84bfbbc29cd22c9529409627af6ea2897f4fa85/mockito-core-2.15.0.jar:/home/hoiama/.gradle/caches/modules-2/files-2.1/org.hamcrest/hamcrest-library/1.3/4785a3c21320980282f9f33d0d1264a69040538f/hamcrest-library-1.3.jar:/home/hoiama/.gradle/caches/modules-2/files-2.1/org.hamcrest/hamcrest-core/1.3/42a25dc3219429f0e5d060061f71acb49bf010a0/hamcrest-core-1.3.jar:/home/hoiama/.gradle/caches/modules-2/files-2.1/org.skyscreamer/jsonassert/1.5.0/6c9d5fe2f59da598d9aefc1cfc6528ff3cf32df3/jsonassert-1.5.0.jar:/home/hoiama/.gradle/caches/modules-2/files-2.1/org.springframework/spring-test/5.0.4.RELEASE/3fc10b6535a113593fa8780951465012a7677e21/spring-test-5.0.4.RELEASE.jar:/home/hoiama/.gradle/caches/modules-2/files-2.1/org.springframework/spring-orm/5.0.4.RELEASE/dc83e08ecdb4ab28339f87358b53d75b4a8d1b9/spring-orm-5.0.4.RELEASE.jar:/home/hoiama/.gradle/caches/modules-2/files-2.1/org.springframework/spring-jdbc/5.0.4.RELEASE/6b5ac0db11d81d6319ebd0bb253b2f01713df3ab/spring-jdbc-5.0.4.RELEASE.jar:/home/hoiama/.gradle/caches/modules-2/files-2.1/org.springframework.data/spring-data-commons/2.0.5.RELEASE/f5357c650f63f3a187d3d4086a9e9132f33851a6/spring-data-commons-2.0.5.RELEASE.jar:/home/hoiama/.gradle/caches/modules-2/files-2.1/org.springframework/spring-context/5.0.4.RELEASE/3e76d08c851113077642c5704f0f94d5ce58e905/spring-context-5.0.4.RELEASE.jar:/home/hoiama/.gradle/caches/modules-2/files-2.1/org.springframework/spring-tx/5.0.4.RELEASE/7afc193c5d2b812ee6d2ccaf6fcc81fb83bfb4a7/spring-tx-5.0.4.RELEASE.jar:/home/hoiama/.gradle/caches/modules-2/files-2.1/org.springframework/spring-aop/5.0.4.RELEASE/f8e029e54c0267dadb6b9f713f3feb54ec4f3a0e/spring-aop-5.0.4.RELEASE.jar:/home/hoiama/.gradle/caches/modules-2/files-2.1/org.springframework/spring-beans/5.0.4.RELEASE/7a8c3d48d4c33621e64d1399721d8e067450fcbd/spring-beans-5.0.4.RELEASE.jar:/home/hoiama/.gradle/caches/modules-2/files-2.1/org.springframework/spring-expression/5.0.4.RELEASE/4bda161f2e34c1486f2527a23eb47293567f473c/spring-expression-5.0.4.RELEASE.jar:/home/hoiama/.gradle/caches/modules-2/files-2.1/org.springframework/spring-core/5.0.4.RELEASE/2221a957b5561a34f044350ba4e30ef5870254a3/spring-core-5.0.4.RELEASE.jar:/home/hoiama/.gradle/caches/modules-2/files-2.1/org.xmlunit/xmlunit-core/2.5.1/4ffdb346572a7356f7521cd3119ce5287d2e339d/xmlunit-core-2.5.1.jar:/home/hoiama/.gradle/caches/modules-2/files-2.1/org.springframework.boot/spring-boot-starter-logging/2.0.0.RELEASE/fe939b71659ef1f98a53cce0b5bcf771685cf6a6/spring-boot-starter-logging-2.0.0.RELEASE.jar:/home/hoiama/.gradle/caches/modules-2/files-2.1/javax.annotation/javax.annotation-api/1.3.2/934c04d3cfef185a8008e7bf34331b79730a9d43/javax.annotation-api-1.3.2.jar:/home/hoiama/.gradle/caches/modules-2/files-2.1/org.yaml/snakeyaml/1.19/2d998d3d674b172a588e54ab619854d073f555b5/snakeyaml-1.19.jar:/home/hoiama/.gradle/caches/modules-2/files-2.1/org.aspectj/aspectjweaver/1.8.13/ad94df2a28d658a40dc27bbaff6a1ce5fbf04e9b/aspectjweaver-1.8.13.jar:/home/hoiama/.gradle/caches/modules-2/files-2.1/com.zaxxer/HikariCP/2.7.8/4a3a604fa2efa89621aa498d04e000b2bed90c39/HikariCP-2.7.8.jar:/home/hoiama/.gradle/caches/modules-2/files-2.1/org.hibernate.common/hibernate-commons-annotations/5.0.1.Final/71e1cff3fcb20d3b3af4f3363c3ddb24d33c6879/hibernate-commons-annotations-5.0.1.Final.jar:/home/hoiama/.gradle/caches/modules-2/files-2.1/org.jboss.logging/jboss-logging/3.3.2.Final/3789d00e859632e6c6206adc0c71625559e6e3b0/jboss-logging-3.3.2.Final.jar:/home/hoiama/.gradle/caches/modules-2/files-2.1/org.hibernate.javax.persistence/hibernate-jpa-2.1-api/1.0.0.Final/5e731d961297e5a07290bfaf3db1fbc8bbbf405a/hibernate-jpa-2.1-api-1.0.0.Final.jar:/home/hoiama/.gradle/caches/modules-2/files-2.1/org.javassist/javassist/3.22.0-GA/3e83394258ae2089be7219b971ec21a8288528ad/javassist-3.22.0-GA.jar:/home/hoiama/.gradle/caches/modules-2/files-2.1/antlr/antlr/2.7.7/83cd2cd674a217ade95a4bb83a8a14f351f48bd0/antlr-2.7.7.jar:/home/hoiama/.gradle/caches/modules-2/files-2.1/org.jboss/jandex/2.0.3.Final/bfc4d6257dbff7a33a357f0de116be6ff951d849/jandex-2.0.3.Final.jar:/home/hoiama/.gradle/caches/modules-2/files-2.1/com.fasterxml/classmate/1.3.4/3d5f48f10bbe4eb7bd862f10c0583be2e0053c6/classmate-1.3.4.jar:/home/hoiama/.gradle/caches/modules-2/files-2.1/dom4j/dom4j/1.6.1/5d3ccc056b6f056dbf0dddfdf43894b9065a8f94/dom4j-1.6.1.jar:/home/hoiama/.gradle/caches/modules-2/files-2.1/ch.qos.logback/logback-classic/1.2.3/7c4f3c474fb2c041d8028740440937705ebb473a/logback-classic-1.2.3.jar:/home/hoiama/.gradle/caches/modules-2/files-2.1/org.apache.logging.log4j/log4j-to-slf4j/2.10.0/f7e631ccf49cfc0aefa4a2a728da7d374c05bd3c/log4j-to-slf4j-2.10.0.jar:/home/hoiama/.gradle/caches/modules-2/files-2.1/org.slf4j/jul-to-slf4j/1.7.25/af5364cd6679bfffb114f0dec8a157aaa283b76/jul-to-slf4j-1.7.25.jar:/home/hoiama/.gradle/caches/modules-2/files-2.1/org.slf4j/slf4j-api/1.7.25/da76ca59f6a57ee3102f8f9bd9cee742973efa8a/slf4j-api-1.7.25.jar:/home/hoiama/.gradle/caches/modules-2/files-2.1/javax.validation/validation-api/2.0.1.Final/cb855558e6271b1b32e716d24cb85c7f583ce09e/validation-api-2.0.1.Final.jar:/home/hoiama/.gradle/caches/modules-2/files-2.1/com.fasterxml.jackson.datatype/jackson-datatype-jdk8/2.9.4/63ac052d52a70a15820d3dc07ea757826fd51d40/jackson-datatype-jdk8-2.9.4.jar:/home/hoiama/.gradle/caches/modules-2/files-2.1/com.fasterxml.jackson.datatype/jackson-datatype-jsr310/2.9.4/12d52679a6615c7972ea25bd8ebb60b191fe79b7/jackson-datatype-jsr310-2.9.4.jar:/home/hoiama/.gradle/caches/modules-2/files-2.1/com.fasterxml.jackson.module/jackson-module-parameter-names/2.9.4/5833c819877c3e85bad847f4d2fa4e70379217c6/jackson-module-parameter-names-2.9.4.jar:/home/hoiama/.gradle/caches/modules-2/files-2.1/com.fasterxml.jackson.core/jackson-databind/2.9.4/498bbc3b94f566982c7f7c6d4d303fce365529be/jackson-databind-2.9.4.jar:/home/hoiama/.gradle/caches/modules-2/files-2.1/org.apache.tomcat.embed/tomcat-embed-websocket/8.5.28/8a5a48740dd80cad644ceb541e77fd8e0809e3b7/tomcat-embed-websocket-8.5.28.jar:/home/hoiama/.gradle/caches/modules-2/files-2.1/org.apache.tomcat.embed/tomcat-embed-core/8.5.28/b684c98cf77c6528079c4e59fc1feeb218bf82f1/tomcat-embed-core-8.5.28.jar:/home/hoiama/.gradle/caches/modules-2/files-2.1/net.minidev/json-smart/2.3/7396407491352ce4fa30de92efb158adb76b5b/json-smart-2.3.jar:/home/hoiama/.gradle/caches/modules-2/files-2.1/net.bytebuddy/byte-buddy/1.7.10/3c8ec287c0a5bd04b1e3f11723bc46a50346602b/byte-buddy-1.7.10.jar:/home/hoiama/.gradle/caches/modules-2/files-2.1/net.bytebuddy/byte-buddy-agent/1.7.10/9b092a8fb9112b89f6cb23fc929cfb931b14007b/byte-buddy-agent-1.7.10.jar:/home/hoiama/.gradle/caches/modules-2/files-2.1/org.objenesis/objenesis/2.6/639033469776fd37c08358c6b92a4761feb2af4b/objenesis-2.6.jar:/home/hoiama/.gradle/caches/modules-2/files-2.1/com.vaadin.external.google/android-json/0.0.20131108.vaadin1/fa26d351fe62a6a17f5cda1287c1c6110dec413f/android-json-0.0.20131108.vaadin1.jar:/home/hoiama/.gradle/caches/modules-2/files-2.1/org.springframework/spring-jcl/5.0.4.RELEASE/3053e2bad0a18571bdbb9596ce51f9d458f5934f/spring-jcl-5.0.4.RELEASE.jar:/home/hoiama/.gradle/caches/modules-2/files-2.1/com.fasterxml.jackson.core/jackson-annotations/2.9.0/7c10d545325e3a6e72e06381afe469fd40eb701/jackson-annotations-2.9.0.jar:/home/hoiama/.gradle/caches/modules-2/files-2.1/com.fasterxml.jackson.core/jackson-core/2.9.4/a9a71ec1aa37da47db168fede9a4a5fb5e374320/jackson-core-2.9.4.jar:/home/hoiama/.gradle/caches/modules-2/files-2.1/net.minidev/accessors-smart/1.2/c592b500269bfde36096641b01238a8350f8aa31/accessors-smart-1.2.jar:/home/hoiama/.gradle/caches/modules-2/files-2.1/ch.qos.logback/logback-core/1.2.3/864344400c3d4d92dfeb0a305dc87d953677c03c/logback-core-1.2.3.jar:/home/hoiama/.gradle/caches/modules-2/files-2.1/org.apache.logging.log4j/log4j-api/2.10.0/fec5797a55b786184a537abd39c3fa1449d752d6/log4j-api-2.10.0.jar:/home/hoiama/.gradle/caches/modules-2/files-2.1/org.ow2.asm/asm/5.0.4/da08b8cce7bbf903602a25a3a163ae252435795/asm-5.0.4.jar, user.name=hoiama, java.vm.specification.version=1.8, sun.java.command=worker.org.gradle.process.internal.worker.GradleWorkerMain 'Gradle Test Executor 1', java.home=/home/hoiama/.sdkman/candidates/java/8.0.172-zulu/jre, sun.arch.data.model=64, user.language=en, java.specification.vendor=Oracle Corporation, awt.toolkit=sun.awt.X11.XToolkit, java.vm.info=mixed mode, java.version=1.8.0_172, java.ext.dirs=/home/hoiama/.sdkman/candidates/java/8.0.172-zulu/jre/lib/ext:/usr/java/packages/lib/ext, sun.boot.class.path=/home/hoiama/.sdkman/candidates/java/8.0.172-zulu/jre/lib/resources.jar:/home/hoiama/.sdkman/candidates/java/8.0.172-zulu/jre/lib/rt.jar:/home/hoiama/.sdkman/candidates/java/8.0.172-zulu/jre/lib/sunrsasign.jar:/home/hoiama/.sdkman/candidates/java/8.0.172-zulu/jre/lib/jsse.jar:/home/hoiama/.sdkman/candidates/java/8.0.172-zulu/jre/lib/jce.jar:/home/hoiama/.sdkman/candidates/java/8.0.172-zulu/jre/lib/charsets.jar:/home/hoiama/.sdkman/candidates/java/8.0.172-zulu/jre/lib/jfr.jar:/home/hoiama/.sdkman/candidates/java/8.0.172-zulu/jre/classes, java.vendor=Azul Systems, Inc., org.gradle.test.worker=1, file.separator=/, java.vendor.url.bug=http://www.azulsystems.com/support/, sun.io.unicode.encoding=UnicodeLittle, sun.cpu.endian=little, sun.desktop=gnome, sun.cpu.isalist=}}, SystemEnvironmentPropertySource@1951987971 {name='systemEnvironment', properties={PATH=/home/hoiama/.sdkman/candidates/java/current/bin:/home/hoiama/.sdkman/candidates/groovy/current/bin:/home/hoiama/.sdkman/candidates/grails/current/bin:/home/hoiama/.sdkman/candidates/gradle/current/bin:/usr/local/bin:/usr/bin:/bin:/usr/local/games:/usr/games:/sbin:/usr/sbin:/home/hoiama/Downloads/2_Repositorios/Rep_Emp_CWI/Config/eplataforma-local.properties, XAUTHORITY=/home/hoiama/.Xauthority, SDKMAN_VERSION=5.7.2+323, XDG_DATA_DIRS=/home/hoiama/.local/share/flatpak/exports/share:/var/lib/flatpak/exports/share:/usr/local/share:/usr/share, GDMSESSION=deepin, GRAILS_HOME=/home/hoiama/.sdkman/candidates/grails/current, JAVA_HOME=/home/hoiama/.sdkman/candidates/java/current, TERM=xterm-256color, LANG=en_US.UTF-8, DBUS_SESSION_BUS_ADDRESS=unix:abstract=/tmp/dbus-dRISjIUC7X,guid=34acf94a604455198fad8e655bd1b8f2, XDG_SEAT_PATH=/org/freedesktop/DisplayManager/Seat0, XDG_SESSION_ID=2, XDG_SESSION_TYPE=x11, GRADLE_HOME=/home/hoiama/.sdkman/candidates/gradle/current, XDG_CURRENT_DESKTOP=Deepin, GROOVY_HOME=/home/hoiama/.sdkman/candidates/groovy/current, DISPLAY=:0, SDKMAN_DIR=/home/hoiama/.sdkman, LOGNAME=hoiama, EPLATAFORMA=/home/hoiama/Downloads/2_Repositorios/Rep_Emp_CWI/Config/eplataforma-local.properties, PWD=/home/hoiama/Downloads/2_Repositorios/Rep_Emp_SOFTPLAN/Sienge, SDKMAN_CANDIDATES_DIR=/home/hoiama/.sdkman/candidates, _=/home/hoiama/.sdkman/candidates/gradle/current/bin/gradle, LANGUAGE=en_US, SHELL=/bin/bash, QT_SCALE_FACTOR=, XDG_GREETER_DATA_DIR=/var/lib/lightdm/data/hoiama, SDKMAN_CANDIDATES_API=https://api.sdkman.io/2, GIO_LAUNCHED_DESKTOP_FILE=/usr/share/applications/intellij.desktop, GPG_AGENT_INFO=/run/user/1000/gnupg/S.gpg-agent:0:1, DESKTOP_SESSION=deepin, SDKMAN_PLATFORM=Linux64, OLDPWD=/home/hoiama/.sdkman/candidates/gradle/current, USER=hoiama, GIO_LAUNCHED_DESKTOP_FILE_PID=3705, GNOME_DESKTOP_SESSION_ID=this-is-deprecated, SSH_AUTH_SOCK=/run/user/1000/keyring/ssh, XDG_SEAT=seat0, XDG_SESSION_PATH=/org/freedesktop/DisplayManager/Session0, _JAVA_OPTIONS=  -Dawt.useSystemAAFontSettings=gasp, XDG_VTNR=1, XDG_SESSION_DESKTOP=deepin, LS_COLORS=bd=38;5;68;1:ca=38;5;17:cd=38;5;132;1:di=38;5;105:do=38;5;127:ex=38;5;80:pi=38;5;126:fi=38;5;167:ln=38;5;63:mh=38;5;99;1:or=48;5;197;38;5;228;1:ow=38;5;220;1:sg=48;5;234;38;5;100;1:su=38;5;9;1:so=38;5;197:st=38;5;86;48;5;234:tw=48;5;235;38;5;139;3:*LS_COLORS=48;5;89;38;5;197;1;3;4;7:*.BAT=38;5;108:*.exe=38;5;196:*.PL=38;5;160:*.asm=38;5;240;1:*.awk=38;5;148;1:*.bash=38;5;173:*.bat=38;5;108:*.c=38;5;110:*.cc=38;5;24;1:*.ii=38;5;24;1:*.cfg=1:*.cl=38;5;204;1:*.coffee=38;5;100;1:*.conf=38;5;221:*.C=38;5;24;1:*.cp=38;5;24;1:*.cpp=38;5;24;1:*.cxx=38;5;24;1:*.c++=38;5;24;1:*.ii=38;5;24;1:*.cs=38;5;74;1:*.css=38;5;91:*.csv=38;5;78:*.ctp=38;5;95:*.diff=48;5;197;38;5;232:*.enc=38;5;192;3:*.eps=38;5;33;1:*.etx=38;5;172:*.ex=38;5;148;1:*.example=38;5;225;1:*.git=38;5;197:*.gitignore=38;5;240:*.go=38;5;111:*.h=38;5;81:*.H=38;5;81:*.hpp=38;5;81:*.hxx=38;5;81:*.h++=38;5;81:*.tcc=38;5;81:*.f=38;5;81:*.for=38;5;81:*.ftn=38;5;81:*.s=38;5;81:*.S=38;5;81:*.sx=38;5;81:*.hi=38;5;240:*.hs=38;5;199;1:*.htm=38;5;125;1:*.html=38;5;9;1:*.info=38;5;101:*.ini=38;5;123:*.java=38;5;142;1:*.jhtm=38;5;125;1:*.js=38;5;42:*.jsm=38;5;42:*.jsm=38;5;42:*.json=38;5;213:*.jsp=38;5;45:*.lisp=38;5;204;1:*.log=38;5;190:*.lua=38;5;34;1:*.m=38;5;130;3:*.mht=38;5;129:*.mm=38;5;130;3:*.M=38;5;130;3:*.map=38;5;58;3:*.markdown=38;5;184:*.md=38;5;184:*.mf=38;5;220;3:*.mfasl=38;5;73:*.mi=38;5;124:*.mkd=38;5;184:*.mtx=38;5;36;3:*.nfo=38;5;220:*.o=38;5;240:*.pacnew=38;5;33:*.patch=48;5;197;38;5;232;1:*.pc=38;5;100:*.pfa=38;5;43:*.pgsql=38;5;222:*.php=38;5;99:*.pl=38;5;214:*.po=38;5;176:*.pot=38;5;206;1:*.plt=38;5;204;1:*.pm=38;5;197;1:*.pod=38;5;172;1:*.py=38;5;41:*.pyc=38;5;245:*.rb=38;5;192:*.rdf=38;5;144:*.rst=38;5;67:*.ru=38;5;142:*.scm=38;5;204;1:*.sed=38;5;130;1:*.sfv=38;5;197:*.sh=38;5;113:*.signature=38;5;206:*.sql=38;5;222:*.srt=38;5;116:*.sty=38;5;58:*.sug=38;5;44:*.t=38;5;28;1:*.tcl=38;5;64;1:*.tdy=38;5;214:*.tex=38;5;172:*.textile=38;5;106:*.tfm=38;5;64:*.tfnt=38;5;140:*.theme=38;5;109:*.txt=38;5;192:*.list=38;5;44:*.save=38;5;240:*.urlview=38;5;85:*.vim=38;5;14:*.vimrc=38;5;13:*.viminfo=38;5;240;1:*.xml=38;5;199:*.yml=38;5;208:*.zsh=38;5;173:*.bashrc=38;5;5:*README=38;5;220;1:*Makefile=38;5;196:*MANIFEST=38;5;243:*pm_to_blib=38;5;240:*.1=38;5;240;1:*.2=38;5;220;1:*.3=38;5;196;1:*.7=38;5;196;1:*.1p=38;5;160:*.3p=38;5;160:*.am=38;5;242:*.in=38;5;242:*.old=38;5;242:*.out=38;5;44;1:*.bmp=38;5;33:*.cdr=38;5;33:*.gif=38;5;33:*.ico=38;5;33:*.jpeg=38;5;33:*.jpg=38;5;33:*.JPG=38;5;33:*.png=38;5;33:*.svg=38;5;33;1:*.xpm=38;5;33:*.32x=38;5;137:*.A64=38;5;82:*.a00=38;5;11:*.a52=38;5;112:*.a64=38;5;82:*.a78=38;5;112:*.adf=38;5;35:*.atr=38;5;213:*.cdi=38;5;124:*.fm2=38;5;35:*.gb=38;5;203:*.gba=38;5;205:*.gbc=38;5;204:*.gel=38;5;83:*.gg=38;5;138:*.ggl=38;5;83:*.j64=38;5;102:*.nds=38;5;199:*.nes=38;5;160:*.rom=38;5;59;1:*.sav=38;5;220:*.sms=38;5;33:*.st=38;5;208;1:*.iso=38;5;9;1:*.nrg=38;5;124:*.qcow=38;5;141:*.VOB=38;5;99:*.IFO=38;5;99:*.BUP=38;5;99:*.MOV=38;5;99:*.3gp=38;5;99:*.3g2=38;5;99:*.asf=38;5;99:*.avi=38;5;99:*.divx=38;5;99:*.f4v=38;5;99:*.flv=38;5;99:*.m2v=38;5;99:*.mkv=38;5;99:*.mov=38;5;99:*.mp4=38;5;99:*.mpg=38;5;99:*.mpeg=38;5;99:*.ogm=38;5;99:*.ogv=38;5;99:*.rmvb=38;5;99:*.sample=38;5;99;1:*.ts=38;5;99:*.vob=38;5;99:*.webm=38;5;99:*.wmv=38;5;99:*.S3M=38;5;69;1:*.aac=38;5;69:*.cue=38;5;69:*.dat=38;5;69:*.dts=38;5;69;1:*.fcm=38;5;69:*.flac=38;5;69;1:*.m3u=38;5;69:*.m3u8=38;5;69:*.m4=38;5;69;3:*.m4a=38;5;69;1:*.mid=38;5;69:*.midi=38;5;69:*.mod=38;5;69:*.mp3=38;5;69:*.oga=38;5;69:*.ogg=38;5;69:*.s3m=38;5;69;1:*.sid=38;5;69;1:*.spl=38;5;69:*.wv=38;5;69:*.wvc=38;5;69:*.ape=38;5;69:*.afm=38;5;58:*.pfb=38;5;58:*.pfm=38;5;58:*.ttf=38;5;66:*.ttc=38;5;66:*.pcf=38;5;65:*.psf=38;5;64:*.bak=38;5;222;1:*.bin=38;5;228:*.pid=38;5;228:*.state=38;5;228:*.swo=38;5;228:*.swp=38;5;228:*.tmp=38;5;228:*.un~=38;5;228:*.zcompdump=38;5;228:*.zwc=38;5;228:*.db=38;5;147:*.dump=38;5;147:*.sqlite=38;5;147:*.typelib=38;5;147:*.7z=38;5;140:*.a=38;5;220:*.apk=38;5;148;3:*.arj=38;5;220:*.bz2=38;5;220:*.deb=38;5;215;1:*.ipk=38;5;220:*.jad=38;5;220:*.jar=38;5;220:*.nth=38;5;220:*.sis=38;5;220:*.part=38;5;220;1:*.r00=38;5;220:*.r01=38;5;220:*.r02=38;5;220:*.r03=38;5;220:*.r04=38;5;220:*.r05=38;5;220:*.r06=38;5;220:*.r07=38;5;220:*.r08=38;5;220:*.r09=38;5;220:*.r10=38;5;220:*.r100=38;5;220:*.r101=38;5;220:*.r102=38;5;220:*.r103=38;5;220:*.r104=38;5;220:*.r105=38;5;220:*.r106=38;5;220:*.r107=38;5;220:*.r108=38;5;220:*.r109=38;5;220:*.r11=38;5;220:*.r110=38;5;220:*.r111=38;5;220:*.r112=38;5;220:*.r113=38;5;220:*.r114=38;5;220:*.r115=38;5;220:*.r116=38;5;220:*.r12=38;5;220:*.r13=38;5;220:*.r14=38;5;220:*.r15=38;5;220:*.r16=38;5;220:*.r17=38;5;220:*.r18=38;5;220:*.r19=38;5;220:*.r20=38;5;220:*.r21=38;5;220:*.r22=38;5;220:*.r25=38;5;220:*.r26=38;5;220:*.r27=38;5;220:*.r28=38;5;220:*.r29=38;5;220:*.r30=38;5;220:*.r31=38;5;220:*.r32=38;5;220:*.r33=38;5;220:*.r34=38;5;220:*.r35=38;5;220:*.r36=38;5;220:*.r37=38;5;220:*.r38=38;5;220:*.r39=38;5;220:*.r40=38;5;220:*.r41=38;5;220:*.r42=38;5;220:*.r43=38;5;220:*.r44=38;5;220:*.r45=38;5;220:*.r46=38;5;220:*.r47=38;5;220:*.r48=38;5;220:*.r49=38;5;220:*.r50=38;5;220:*.r51=38;5;220:*.r52=38;5;220:*.r53=38;5;220:*.r54=38;5;220:*.r99=38;5;220:*.r56=38;5;220:*.r69=38;5;220:*.r58=38;5;220:*.r59=38;5;220:*.r60=38;5;220:*.r61=38;5;220:*.r62=38;5;220:*.r63=38;5;220:*.r64=38;5;220:*.r65=38;5;220:*.r66=38;5;220:*.r67=38;5;220:*.r68=38;5;220:*.r69=38;5;220:*.r69=38;5;220:*.r70=38;5;220:*.r71=38;5;220:*.r72=38;5;220:*.r73=38;5;220:*.r74=38;5;220:*.r75=38;5;220:*.r76=38;5;220:*.r77=38;5;220:*.r78=38;5;220:*.r79=38;5;220:*.r80=38;5;220:*.r81=38;5;220:*.r82=38;5;220:*.r83=38;5;220:*.r84=38;5;220:*.r85=38;5;220:*.r86=38;5;220:*.r87=38;5;220:*.r88=38;5;220:*.r89=38;5;220:*.r90=38;5;220:*.r91=38;5;220:*.r92=38;5;220:*.r99=38;5;220:*.r94=38;5;220:*.r95=38;5;220:*.r96=38;5;220:*.r97=38;5;220:*.r98=38;5;220:*.r99=38;5;220:*.rar=38;5;217;1:*.tar=38;5;222:*.tar.gz=38;5;216:*.tgz=38;5;214;1:*.gz=38;5;224:*.xz=38;5;182:*.zip=38;5;208:*.doc=38;5;190:*.wps=38;5;190:*.docx=38;5;190:*.xls=38;5;190:*.xlsx=38;5;190:*.ppt=38;5;190:*.pptx=38;5;190:*.pdf=38;5;190:*.djvu=38;5;190:*.cbr=38;5;190:*.cbz=38;5;190:*.chm=38;5;190:*.odt=38;5;112:*.ods=38;5;112:*.odp=38;5;112:*.odb=38;5;112:*.allow=38;5;112:*.deny=38;5;203:*.SKIP=38;5;244:*.def=38;5;136:*.directory=38;5;69:*.err=38;5;160;1:*.error=38;5;160;1:*.pi=38;5;126:*.properties=38;5;197;1:*.torrent=38;5;105:*.gp3=38;5;114:*.gp4=38;5;115:*.tg=38;5;99:*.pcap=38;5;29:*.cap=38;5;29:*.dmp=38;5;29:*.service=38;5;81:*@.service=38;5;45:*.socket=38;5;75:*.device=38;5;24:*.mount=38;5;115:*.automount=38;5;114:*.swap=38;5;113:*.target=38;5;73:*.path=38;5;116:*.timer=38;5;111:*.snapshot=38;5;139:*.desktop=38;5;113:*.crdownload=38;5;38:*.crx=38;5;13:, XDG_RUNTIME_DIR=/run/user/1000, HOME=/home/hoiama, SHLVL=1}}]
12:03:42.000 [Test worker] DEBUG org.springframework.core.io.support.PathMatchingResourcePatternResolver - Resolved classpath location [br/com/softplan/sienge/service/] to resources [URL [file:/home/hoiama/Downloads/2_Repositorios/Rep_Emp_SOFTPLAN/Sienge/build/classes/java/test/br/com/softplan/sienge/service/], URL [file:/home/hoiama/Downloads/2_Repositorios/Rep_Emp_SOFTPLAN/Sienge/build/classes/java/main/br/com/softplan/sienge/service/]]
12:03:42.000 [Test worker] DEBUG org.springframework.core.io.support.PathMatchingResourcePatternResolver - Looking for matching resources in directory tree [/home/hoiama/Downloads/2_Repositorios/Rep_Emp_SOFTPLAN/Sienge/build/classes/java/test/br/com/softplan/sienge/service]
12:03:42.000 [Test worker] DEBUG org.springframework.core.io.support.PathMatchingResourcePatternResolver - Searching directory [/home/hoiama/Downloads/2_Repositorios/Rep_Emp_SOFTPLAN/Sienge/build/classes/java/test/br/com/softplan/sienge/service] for files matching pattern [/home/hoiama/Downloads/2_Repositorios/Rep_Emp_SOFTPLAN/Sienge/build/classes/java/test/br/com/softplan/sienge/service/*.class]
12:03:42.003 [Test worker] DEBUG org.springframework.core.io.support.PathMatchingResourcePatternResolver - Looking for matching resources in directory tree [/home/hoiama/Downloads/2_Repositorios/Rep_Emp_SOFTPLAN/Sienge/build/classes/java/main/br/com/softplan/sienge/service]
12:03:42.003 [Test worker] DEBUG org.springframework.core.io.support.PathMatchingResourcePatternResolver - Searching directory [/home/hoiama/Downloads/2_Repositorios/Rep_Emp_SOFTPLAN/Sienge/build/classes/java/main/br/com/softplan/sienge/service] for files matching pattern [/home/hoiama/Downloads/2_Repositorios/Rep_Emp_SOFTPLAN/Sienge/build/classes/java/main/br/com/softplan/sienge/service/*.class]
12:03:42.003 [Test worker] DEBUG org.springframework.core.io.support.PathMatchingResourcePatternResolver - Resolved location pattern [classpath*:br/com/softplan/sienge/service/*.class] to resources [file [/home/hoiama/Downloads/2_Repositorios/Rep_Emp_SOFTPLAN/Sienge/build/classes/java/test/br/com/softplan/sienge/service/ServiceCostTest.class], file [/home/hoiama/Downloads/2_Repositorios/Rep_Emp_SOFTPLAN/Sienge/build/classes/java/main/br/com/softplan/sienge/service/ServiceCost.class]]
12:03:42.020 [Test worker] DEBUG org.springframework.core.io.support.PathMatchingResourcePatternResolver - Resolved classpath location [br/com/softplan/sienge/] to resources [URL [file:/home/hoiama/Downloads/2_Repositorios/Rep_Emp_SOFTPLAN/Sienge/build/classes/java/test/br/com/softplan/sienge/], URL [file:/home/hoiama/Downloads/2_Repositorios/Rep_Emp_SOFTPLAN/Sienge/build/classes/java/main/br/com/softplan/sienge/]]
12:03:42.020 [Test worker] DEBUG org.springframework.core.io.support.PathMatchingResourcePatternResolver - Looking for matching resources in directory tree [/home/hoiama/Downloads/2_Repositorios/Rep_Emp_SOFTPLAN/Sienge/build/classes/java/test/br/com/softplan/sienge]
12:03:42.020 [Test worker] DEBUG org.springframework.core.io.support.PathMatchingResourcePatternResolver - Searching directory [/home/hoiama/Downloads/2_Repositorios/Rep_Emp_SOFTPLAN/Sienge/build/classes/java/test/br/com/softplan/sienge] for files matching pattern [/home/hoiama/Downloads/2_Repositorios/Rep_Emp_SOFTPLAN/Sienge/build/classes/java/test/br/com/softplan/sienge/*.class]
12:03:42.020 [Test worker] DEBUG org.springframework.core.io.support.PathMatchingResourcePatternResolver - Looking for matching resources in directory tree [/home/hoiama/Downloads/2_Repositorios/Rep_Emp_SOFTPLAN/Sienge/build/classes/java/main/br/com/softplan/sienge]
12:03:42.021 [Test worker] DEBUG org.springframework.core.io.support.PathMatchingResourcePatternResolver - Searching directory [/home/hoiama/Downloads/2_Repositorios/Rep_Emp_SOFTPLAN/Sienge/build/classes/java/main/br/com/softplan/sienge] for files matching pattern [/home/hoiama/Downloads/2_Repositorios/Rep_Emp_SOFTPLAN/Sienge/build/classes/java/main/br/com/softplan/sienge/*.class]
12:03:42.021 [Test worker] DEBUG org.springframework.core.io.support.PathMatchingResourcePatternResolver - Resolved location pattern [classpath*:br/com/softplan/sienge/*.class] to resources []
12:03:42.022 [Test worker] DEBUG org.springframework.core.io.support.PathMatchingResourcePatternResolver - Resolved classpath location [br/com/softplan/] to resources [URL [file:/home/hoiama/Downloads/2_Repositorios/Rep_Emp_SOFTPLAN/Sienge/build/classes/java/test/br/com/softplan/], URL [file:/home/hoiama/Downloads/2_Repositorios/Rep_Emp_SOFTPLAN/Sienge/build/classes/java/main/br/com/softplan/]]
12:03:42.022 [Test worker] DEBUG org.springframework.core.io.support.PathMatchingResourcePatternResolver - Looking for matching resources in directory tree [/home/hoiama/Downloads/2_Repositorios/Rep_Emp_SOFTPLAN/Sienge/build/classes/java/test/br/com/softplan]
12:03:42.022 [Test worker] DEBUG org.springframework.core.io.support.PathMatchingResourcePatternResolver - Searching directory [/home/hoiama/Downloads/2_Repositorios/Rep_Emp_SOFTPLAN/Sienge/build/classes/java/test/br/com/softplan] for files matching pattern [/home/hoiama/Downloads/2_Repositorios/Rep_Emp_SOFTPLAN/Sienge/build/classes/java/test/br/com/softplan/*.class]
12:03:42.023 [Test worker] DEBUG org.springframework.core.io.support.PathMatchingResourcePatternResolver - Looking for matching resources in directory tree [/home/hoiama/Downloads/2_Repositorios/Rep_Emp_SOFTPLAN/Sienge/build/classes/java/main/br/com/softplan]
12:03:42.023 [Test worker] DEBUG org.springframework.core.io.support.PathMatchingResourcePatternResolver - Searching directory [/home/hoiama/Downloads/2_Repositorios/Rep_Emp_SOFTPLAN/Sienge/build/classes/java/main/br/com/softplan] for files matching pattern [/home/hoiama/Downloads/2_Repositorios/Rep_Emp_SOFTPLAN/Sienge/build/classes/java/main/br/com/softplan/*.class]
12:03:42.023 [Test worker] DEBUG org.springframework.core.io.support.PathMatchingResourcePatternResolver - Resolved location pattern [classpath*:br/com/softplan/*.class] to resources []
12:03:42.023 [Test worker] DEBUG org.springframework.core.io.support.PathMatchingResourcePatternResolver - Resolved classpath location [br/com/] to resources [URL [file:/home/hoiama/Downloads/2_Repositorios/Rep_Emp_SOFTPLAN/Sienge/build/classes/java/test/br/com/], URL [file:/home/hoiama/Downloads/2_Repositorios/Rep_Emp_SOFTPLAN/Sienge/build/classes/java/main/br/com/]]
12:03:42.023 [Test worker] DEBUG org.springframework.core.io.support.PathMatchingResourcePatternResolver - Looking for matching resources in directory tree [/home/hoiama/Downloads/2_Repositorios/Rep_Emp_SOFTPLAN/Sienge/build/classes/java/test/br/com]
12:03:42.024 [Test worker] DEBUG org.springframework.core.io.support.PathMatchingResourcePatternResolver - Searching directory [/home/hoiama/Downloads/2_Repositorios/Rep_Emp_SOFTPLAN/Sienge/build/classes/java/test/br/com] for files matching pattern [/home/hoiama/Downloads/2_Repositorios/Rep_Emp_SOFTPLAN/Sienge/build/classes/java/test/br/com/*.class]
12:03:42.024 [Test worker] DEBUG org.springframework.core.io.support.PathMatchingResourcePatternResolver - Looking for matching resources in directory tree [/home/hoiama/Downloads/2_Repositorios/Rep_Emp_SOFTPLAN/Sienge/build/classes/java/main/br/com]
12:03:42.024 [Test worker] DEBUG org.springframework.core.io.support.PathMatchingResourcePatternResolver - Searching directory [/home/hoiama/Downloads/2_Repositorios/Rep_Emp_SOFTPLAN/Sienge/build/classes/java/main/br/com] for files matching pattern [/home/hoiama/Downloads/2_Repositorios/Rep_Emp_SOFTPLAN/Sienge/build/classes/java/main/br/com/*.class]
12:03:42.024 [Test worker] DEBUG org.springframework.core.io.support.PathMatchingResourcePatternResolver - Resolved location pattern [classpath*:br/com/*.class] to resources []
12:03:42.025 [Test worker] DEBUG org.springframework.core.io.support.PathMatchingResourcePatternResolver - Resolved classpath location [br/] to resources [URL [file:/home/hoiama/Downloads/2_Repositorios/Rep_Emp_SOFTPLAN/Sienge/build/classes/java/test/br/], URL [file:/home/hoiama/Downloads/2_Repositorios/Rep_Emp_SOFTPLAN/Sienge/build/classes/java/main/br/]]
12:03:42.025 [Test worker] DEBUG org.springframework.core.io.support.PathMatchingResourcePatternResolver - Looking for matching resources in directory tree [/home/hoiama/Downloads/2_Repositorios/Rep_Emp_SOFTPLAN/Sienge/build/classes/java/test/br]
12:03:42.025 [Test worker] DEBUG org.springframework.core.io.support.PathMatchingResourcePatternResolver - Searching directory [/home/hoiama/Downloads/2_Repositorios/Rep_Emp_SOFTPLAN/Sienge/build/classes/java/test/br] for files matching pattern [/home/hoiama/Downloads/2_Repositorios/Rep_Emp_SOFTPLAN/Sienge/build/classes/java/test/br/*.class]
12:03:42.025 [Test worker] DEBUG org.springframework.core.io.support.PathMatchingResourcePatternResolver - Looking for matching resources in directory tree [/home/hoiama/Downloads/2_Repositorios/Rep_Emp_SOFTPLAN/Sienge/build/classes/java/main/br]
12:03:42.025 [Test worker] DEBUG org.springframework.core.io.support.PathMatchingResourcePatternResolver - Searching directory [/home/hoiama/Downloads/2_Repositorios/Rep_Emp_SOFTPLAN/Sienge/build/classes/java/main/br] for files matching pattern [/home/hoiama/Downloads/2_Repositorios/Rep_Emp_SOFTPLAN/Sienge/build/classes/java/main/br/*.class]
12:03:42.025 [Test worker] DEBUG org.springframework.core.io.support.PathMatchingResourcePatternResolver - Resolved location pattern [classpath*:br/*.class] to resources []
]]></system-out>
  <system-err><![CDATA[]]></system-err>
</testsuite>
